<?xml version="1.0" encoding="UTF-8"?>
<testsuites name="Login then logout" time="31.691" tests="2" failures="0" errors="0">
   <testsuite name="Login then logout" tests="2" failures="0" errors="0" time="31.691" skipped="0" timestamp="2023-10-30 14:44:13" hostname="NEXSOFT - 192.168.38.2" id="Test Suites/Login then logout">
      <properties>
         <property name="deviceName" value=""/>
         <property name="devicePlatform" value=""/>
         <property name="logFolder" value="C:\\Users\\NEXSOFT\\git\\Katalon-Test-Nexchief2\\Reports\\20231030_144410\\Login then logout\\20231030_144410"/>
         <property name="logFiles" value="C:\\Users\\NEXSOFT\\git\\Katalon-Test-Nexchief2\\Reports\\20231030_144410\\Login then logout\\20231030_144410\\execution0.log"/>
         <property name="attachments" value="C:\\Users\\NEXSOFT\\git\\Katalon-Test-Nexchief2\\Reports\\20231030_144410\\Login then logout\\20231030_144410\\1698651872896.png"/>
         <property name="hostName" value="NEXSOFT - 192.168.38.2"/>
         <property name="os" value="Windows 10 64bit"/>
         <property name="katalonVersion" value="8.3.5.208"/>
         <property name="browser" value="Edge Chromium 118"/>
         <property name="hostAddress" value="192.168.38.2"/>
         <property name="sessionId" value="6c2f4b810cfc6edc3c3688db33eb058a"/>
         <property name="seleniumVersion" value="3.141.59"/>
         <property name="proxyInformation" value="ProxyInformation { proxyOption=NO_PROXY, proxyServerType=HTTP, username=, password=********, proxyServerAddress=, proxyServerPort=0, executionList=&quot;&quot;, isApplyToDesiredCapabilities=true }"/>
         <property name="platform" value="Windows 10"/>
      </properties>
      <testcase name="Test Cases/User Session/dinamicLoginNexchief" time="19.97" classname="Test Cases/User Session/dinamicLoginNexchief" status="PASSED">
         <system-out><![CDATA[2023-10-30 14:44:13 - [TEST_CASE][PASSED] - Test Cases/User Session/dinamicLoginNexchief: Test Cases/User Session/dinamicLoginNexchief

2023-10-30 14:44:14 - [TEST_STEP][PASSED] - handleSession = new testCase.handleSession(): null

2023-10-30 14:44:14 - [TEST_STEP][PASSED] - handleComponent = new component.handleComponent(): null

2023-10-30 14:44:14 - [TEST_STEP][PASSED] - username = username: null

2023-10-30 14:44:14 - [TEST_STEP][PASSED] - password = password: null

2023-10-30 14:44:14 - [TEST_STEP][PASSED] - principalId = principalId: null

2023-10-30 14:44:14 - [TEST_STEP][PASSED] - URL = nexchief2Url: null

2023-10-30 14:44:14 - [TEST_STEP][PASSED] - handleSession.initLogin(URL): Navigate to 'https://staging-chief.nexcloud.id/' successfully

2023-10-30 14:44:15 - [MESSAGE][INFO] - Starting 'Edge Chromium' driver

2023-10-30 14:44:16 - [MESSAGE][INFO] - Action delay is set to 0 milliseconds

2023-10-30 14:44:18 - [MESSAGE][PASSED] - Browser is opened with url: ''

2023-10-30 14:44:26 - [MESSAGE][PASSED] - Navigate to 'https://staging-chief.nexcloud.id/' successfully

2023-10-30 14:44:26 - [TEST_STEP][PASSED] - usernameObject = findTestObject("Object Repository/Login.NDI/Page_Nexchief/input_Selamat Datang_username"): null

2023-10-30 14:44:26 - [TEST_STEP][PASSED] - passwordObject = findTestObject("Object Repository/Login.NDI/Page_Nexchief/input_Selamat Datang_password"): null

2023-10-30 14:44:26 - [TEST_STEP][PASSED] - buttonLogin = findTestObject("Object Repository/Login.NDI/Page_Nexchief/button_Masuk"): null

2023-10-30 14:44:26 - [TEST_STEP][PASSED] - loginDeniedLabel = findTestObject("Object Repository/Login.NDI/Page_Nexchief/div_Login Denied"): null

2023-10-30 14:44:26 - [TEST_STEP][PASSED] - buttonKickUser = findTestObject("Object Repository/Login.NDI/Page_Nexchief/button_Yes, Logout"): null

2023-10-30 14:44:26 - [TEST_STEP][PASSED] - principalSchemaObject = findTestObject("Object Repository/Login.NDI/Page_Nexchief/principalId"): null

2023-10-30 14:44:26 - [TEST_STEP][PASSED] - handleComponent.setInputValue(usernameObject, username): Text 'sobirin_qc' is set on object 'Object Repository/Login.NDI/Page_Nexchief/input_Selamat Datang_username'

2023-10-30 14:44:27 - [MESSAGE][WARNING] - Timeout '0' is invalid. Using default page load timeout: '30'

2023-10-30 14:44:27 - [MESSAGE][PASSED] - Object 'Object Repository/Login.NDI/Page_Nexchief/input_Selamat Datang_username' is visible

2023-10-30 14:44:28 - [MESSAGE][PASSED] - Text 'sobirin_qc' is set on object 'Object Repository/Login.NDI/Page_Nexchief/input_Selamat Datang_username'

2023-10-30 14:44:28 - [TEST_STEP][PASSED] - handleComponent.setInputValue(passwordObject, password): Text 'Testing@123' is set on object 'Object Repository/Login.NDI/Page_Nexchief/input_Selamat Datang_password'

2023-10-30 14:44:28 - [MESSAGE][WARNING] - Timeout '0' is invalid. Using default page load timeout: '30'

2023-10-30 14:44:28 - [MESSAGE][PASSED] - Object 'Object Repository/Login.NDI/Page_Nexchief/input_Selamat Datang_password' is visible

2023-10-30 14:44:29 - [MESSAGE][PASSED] - Text 'Testing@123' is set on object 'Object Repository/Login.NDI/Page_Nexchief/input_Selamat Datang_password'

2023-10-30 14:44:29 - [TEST_STEP][PASSED] - handleComponent.singleClickComponent(buttonLogin): Object: 'Object Repository/Login.NDI/Page_Nexchief/button_Masuk' is clicked on

2023-10-30 14:44:29 - [MESSAGE][WARNING] - Timeout '0' is invalid. Using default page load timeout: '30'

2023-10-30 14:44:30 - [MESSAGE][PASSED] - Object 'Object Repository/Login.NDI/Page_Nexchief/button_Masuk' is visible

2023-10-30 14:44:30 - [MESSAGE][PASSED] - Object: 'Object Repository/Login.NDI/Page_Nexchief/button_Masuk' is clicked on

2023-10-30 14:44:30 - [TEST_STEP][PASSED] - if (verifyElementPresent(loginDeniedLabel, 1, OPTIONAL)): com.kms.katalon.core.webui.exception.WebElementNotFoundException: Web element with id: 'Object Repository/Login.NDI/Page_Nexchief/div_Login Denied' located by '(.//*[normalize-space(text()) and normalize-space(.)='Copyright © 2020 NexSoft. All rights reserved.'])[1]/following::div[12]' not found (Root cause: com.kms.katalon.core.exception.StepFailedException: com.kms.katalon.core.webui.exception.WebElementNotFoundException: Web element with id: 'Object Repository/Login.NDI/Page_Nexchief/div_Login Denied' located by '(.//*[normalize-space(text()) and normalize-space(.)='Copyright © 2020 NexSoft. All rights reserved.'])[1]/following::div[12]' not found
	at com.kms.katalon.core.webui.keyword.internal.WebUIKeywordMain.stepFailed(WebUIKeywordMain.groovy:64)
	at com.kms.katalon.core.webui.keyword.builtin.VerifyElementPresentKeyword$_verifyElementPresent_closure1.doCall(VerifyElementPresentKeyword.groovy:85)
	at com.kms.katalon.core.webui.keyword.builtin.VerifyElementPresentKeyword$_verifyElementPresent_closure1.call(VerifyElementPresentKeyword.groovy)
	at com.kms.katalon.core.webui.keyword.internal.WebUIKeywordMain.runKeyword(WebUIKeywordMain.groovy:20)
	at com.kms.katalon.core.webui.keyword.builtin.VerifyElementPresentKeyword.verifyElementPresent(VerifyElementPresentKeyword.groovy:92)
	at com.kms.katalon.core.webui.keyword.builtin.VerifyElementPresentKeyword.execute(VerifyElementPresentKeyword.groovy:68)
	at com.kms.katalon.core.keyword.internal.KeywordExecutor.executeKeywordForPlatform(KeywordExecutor.groovy:74)
	at com.kms.katalon.core.webui.keyword.WebUiBuiltInKeywords.verifyElementPresent(WebUiBuiltInKeywords.groovy:1448)
	at com.kms.katalon.core.webui.keyword.WebUiBuiltInKeywords$verifyElementPresent$4.call(Unknown Source)
	at dinamicLoginNexchief.run(dinamicLoginNexchief:49)
	at com.kms.katalon.core.main.ScriptEngine.run(ScriptEngine.java:194)
	at com.kms.katalon.core.main.ScriptEngine.runScriptAsRawText(ScriptEngine.java:119)
	at com.kms.katalon.core.main.TestCaseExecutor.runScript(TestCaseExecutor.java:445)
	at com.kms.katalon.core.main.TestCaseExecutor.doExecute(TestCaseExecutor.java:436)
	at com.kms.katalon.core.main.TestCaseExecutor.processExecutionPhase(TestCaseExecutor.java:415)
	at com.kms.katalon.core.main.TestCaseExecutor.accessMainPhase(TestCaseExecutor.java:407)
	at com.kms.katalon.core.main.TestCaseExecutor.execute(TestCaseExecutor.java:284)
	at com.kms.katalon.core.common.CommonExecutor.accessTestCaseMainPhase(CommonExecutor.java:65)
	at com.kms.katalon.core.main.TestSuiteExecutor.accessTestSuiteMainPhase(TestSuiteExecutor.java:144)
	at com.kms.katalon.core.main.TestSuiteExecutor.execute(TestSuiteExecutor.java:106)
	at com.kms.katalon.core.main.TestCaseMain.startTestSuite(TestCaseMain.java:185)
	at com.kms.katalon.core.main.TestCaseMain$startTestSuite$0.call(Unknown Source)
	at TempTestSuite1698651850339.run(TempTestSuite1698651850339.groovy:36)
)

2023-10-30 14:44:32 - [MESSAGE][INFO] - Unable to find the element located by 'By.xpath: (.//*[normalize-space(text()) and normalize-space(.)='Copyright © 2020 NexSoft. All rights reserved.'])[1]/following::div[12]'. Please recheck the objects properties to make sure the desired element is located. 

2023-10-30 14:44:33 - [MESSAGE][WARNING] - com.kms.katalon.core.webui.exception.WebElementNotFoundException: Web element with id: 'Object Repository/Login.NDI/Page_Nexchief/div_Login Denied' located by '(.//*[normalize-space(text()) and normalize-space(.)='Copyright © 2020 NexSoft. All rights reserved.'])[1]/following::div[12]' not found (Root cause: com.kms.katalon.core.exception.StepFailedException: com.kms.katalon.core.webui.exception.WebElementNotFoundException: Web element with id: 'Object Repository/Login.NDI/Page_Nexchief/div_Login Denied' located by '(.//*[normalize-space(text()) and normalize-space(.)='Copyright © 2020 NexSoft. All rights reserved.'])[1]/following::div[12]' not found
	at com.kms.katalon.core.webui.keyword.internal.WebUIKeywordMain.stepFailed(WebUIKeywordMain.groovy:64)
	at com.kms.katalon.core.webui.keyword.builtin.VerifyElementPresentKeyword$_verifyElementPresent_closure1.doCall(VerifyElementPresentKeyword.groovy:85)
	at com.kms.katalon.core.webui.keyword.builtin.VerifyElementPresentKeyword$_verifyElementPresent_closure1.call(VerifyElementPresentKeyword.groovy)
	at com.kms.katalon.core.webui.keyword.internal.WebUIKeywordMain.runKeyword(WebUIKeywordMain.groovy:20)
	at com.kms.katalon.core.webui.keyword.builtin.VerifyElementPresentKeyword.verifyElementPresent(VerifyElementPresentKeyword.groovy:92)
	at com.kms.katalon.core.webui.keyword.builtin.VerifyElementPresentKeyword.execute(VerifyElementPresentKeyword.groovy:68)
	at com.kms.katalon.core.keyword.internal.KeywordExecutor.executeKeywordForPlatform(KeywordExecutor.groovy:74)
	at com.kms.katalon.core.webui.keyword.WebUiBuiltInKeywords.verifyElementPresent(WebUiBuiltInKeywords.groovy:1448)
	at com.kms.katalon.core.webui.keyword.WebUiBuiltInKeywords$verifyElementPresent$4.call(Unknown Source)
	at dinamicLoginNexchief.run(dinamicLoginNexchief:49)
	at com.kms.katalon.core.main.ScriptEngine.run(ScriptEngine.java:194)
	at com.kms.katalon.core.main.ScriptEngine.runScriptAsRawText(ScriptEngine.java:119)
	at com.kms.katalon.core.main.TestCaseExecutor.runScript(TestCaseExecutor.java:445)
	at com.kms.katalon.core.main.TestCaseExecutor.doExecute(TestCaseExecutor.java:436)
	at com.kms.katalon.core.main.TestCaseExecutor.processExecutionPhase(TestCaseExecutor.java:415)
	at com.kms.katalon.core.main.TestCaseExecutor.accessMainPhase(TestCaseExecutor.java:407)
	at com.kms.katalon.core.main.TestCaseExecutor.execute(TestCaseExecutor.java:284)
	at com.kms.katalon.core.common.CommonExecutor.accessTestCaseMainPhase(CommonExecutor.java:65)
	at com.kms.katalon.core.main.TestSuiteExecutor.accessTestSuiteMainPhase(TestSuiteExecutor.java:144)
	at com.kms.katalon.core.main.TestSuiteExecutor.execute(TestSuiteExecutor.java:106)
	at com.kms.katalon.core.main.TestCaseMain.startTestSuite(TestCaseMain.java:185)
	at com.kms.katalon.core.main.TestCaseMain$startTestSuite$0.call(Unknown Source)
	at TempTestSuite1698651850339.run(TempTestSuite1698651850339.groovy:36)
)
[[ATTACHMENT|C:\\Users\\NEXSOFT\\git\\Katalon-Test-Nexchief2\\Reports\\20231030_144410\\Login then logout\\20231030_144410\\1698651872896.png]]

2023-10-30 14:44:33 - [TEST_STEP][PASSED] - handleComponent.singleClickComponentByText(principalSchemaObject, principalId): Object 'Object Repository/Login.NDI/Page_Nexchief/principalId' is visible

2023-10-30 14:44:33 - [MESSAGE][WARNING] - Timeout '0' is invalid. Using default page load timeout: '30'

2023-10-30 14:44:33 - [MESSAGE][PASSED] - Object 'Object Repository/Login.NDI/Page_Nexchief/principalId' is visible]]></system-out>
         <system-err><![CDATA[]]></system-err>
      </testcase>
      <testcase name="Test Cases/User Session/dinamicLogoutNexchief" time="11.343" classname="Test Cases/User Session/dinamicLogoutNexchief" status="PASSED">
         <system-out><![CDATA[2023-10-30 14:44:33 - [TEST_CASE][PASSED] - Test Cases/User Session/dinamicLogoutNexchief: Test Cases/User Session/dinamicLogoutNexchief

2023-10-30 14:44:34 - [TEST_STEP][PASSED] - handleSession = new testCase.handleSession(): null

2023-10-30 14:44:34 - [TEST_STEP][PASSED] - handleComponent = new component.handleComponent(): null

2023-10-30 14:44:34 - [TEST_STEP][PASSED] - principalId = principalId: null

2023-10-30 14:44:34 - [TEST_STEP][PASSED] - buttonDoor = findTestObject("Object Repository/Login.NDI/Page_Nexchief/button_door_logout"): null

2023-10-30 14:44:34 - [TEST_STEP][PASSED] - buttonLogout = findTestObject("Object Repository/Login.NDI/Page_Nexchief/button_logout_from_nexchief"): null

2023-10-30 14:44:34 - [TEST_STEP][PASSED] - buttonBackToPortal = findTestObject("Object Repository/Login.NDI/Page_Nexchief/button_back_to_portal"): null

2023-10-30 14:44:34 - [TEST_STEP][PASSED] - principalSchemaObject = findTestObject("Object Repository/Login.NDI/Page_Nexchief/principalId"): null

2023-10-30 14:44:34 - [TEST_STEP][PASSED] - handleComponent.singleClickComponent(buttonDoor): Object: 'Object Repository/Login.NDI/Page_Nexchief/button_door_logout' is clicked on

2023-10-30 14:44:34 - [MESSAGE][WARNING] - Timeout '0' is invalid. Using default page load timeout: '30'

2023-10-30 14:44:36 - [MESSAGE][PASSED] - Object 'Object Repository/Login.NDI/Page_Nexchief/button_door_logout' is visible

2023-10-30 14:44:36 - [MESSAGE][PASSED] - Object: 'Object Repository/Login.NDI/Page_Nexchief/button_door_logout' is clicked on

2023-10-30 14:44:36 - [TEST_STEP][PASSED] - handleComponent.singleClickComponent(buttonBackToPortal): Object: 'Object Repository/Login.NDI/Page_Nexchief/button_back_to_portal' is clicked on

2023-10-30 14:44:36 - [MESSAGE][WARNING] - Timeout '0' is invalid. Using default page load timeout: '30'

2023-10-30 14:44:37 - [MESSAGE][PASSED] - Object 'Object Repository/Login.NDI/Page_Nexchief/button_back_to_portal' is visible

2023-10-30 14:44:37 - [MESSAGE][PASSED] - Object: 'Object Repository/Login.NDI/Page_Nexchief/button_back_to_portal' is clicked on

2023-10-30 14:44:37 - [TEST_STEP][PASSED] - handleComponent.singleClickComponentByText(principalSchemaObject, principalId): Object 'Object Repository/Login.NDI/Page_Nexchief/principalId' is visible

2023-10-30 14:44:37 - [MESSAGE][WARNING] - Timeout '0' is invalid. Using default page load timeout: '30'

2023-10-30 14:44:38 - [MESSAGE][PASSED] - Object 'Object Repository/Login.NDI/Page_Nexchief/principalId' is visible

2023-10-30 14:44:38 - [TEST_STEP][PASSED] - handleComponent.singleClickComponent(buttonDoor): Object: 'Object Repository/Login.NDI/Page_Nexchief/button_door_logout' is clicked on

2023-10-30 14:44:38 - [MESSAGE][WARNING] - Timeout '0' is invalid. Using default page load timeout: '30'

2023-10-30 14:44:42 - [MESSAGE][PASSED] - Object 'Object Repository/Login.NDI/Page_Nexchief/button_door_logout' is visible

2023-10-30 14:44:43 - [MESSAGE][PASSED] - Object: 'Object Repository/Login.NDI/Page_Nexchief/button_door_logout' is clicked on

2023-10-30 14:44:43 - [TEST_STEP][PASSED] - handleComponent.singleClickComponent(buttonLogout): Object: 'Object Repository/Login.NDI/Page_Nexchief/button_logout_from_nexchief' is clicked on

2023-10-30 14:44:43 - [MESSAGE][WARNING] - Timeout '0' is invalid. Using default page load timeout: '30'

2023-10-30 14:44:43 - [MESSAGE][PASSED] - Object 'Object Repository/Login.NDI/Page_Nexchief/button_logout_from_nexchief' is visible

2023-10-30 14:44:44 - [MESSAGE][PASSED] - Object: 'Object Repository/Login.NDI/Page_Nexchief/button_logout_from_nexchief' is clicked on

2023-10-30 14:44:44 - [TEST_STEP][PASSED] - closeBrowser(): Browser is closed

2023-10-30 14:44:45 - [MESSAGE][PASSED] - Browser is closed]]></system-out>
         <system-err><![CDATA[]]></system-err>
      </testcase>
      <system-out><![CDATA[2023-10-30 14:44:13 - [TEST_SUITE][PASSED] - Login then logout: Test Cases/User Session/dinamicLogoutNexchief]]></system-out>
      <system-err><![CDATA[]]></system-err>
   </testsuite>
</testsuites>
